T14CC 3766:485 SEGGER J-Link V5.12 Log File (0000ms, 1758ms total)
T14CC 3766:485 DLL Compiled: Mar 30 2016 17:28:31 (0000ms, 1758ms total)
T14CC 3766:485 Logging started @ 2017-08-08 18:57 (0000ms, 1758ms total)
T071C 3767:267 JLINK_EMU_GetList(InterfaceMask = 0x00000001, MaxInfos = 0x00000032) [0]: USB, S/N: 29425026, [1]: USB, S/N: 28014956  returns 0x02 (0000ms, 1758ms total)
T14CC 3767:494 JLINK_ExecCommand("Device = AT91SAM3X8E", ...)Device "ATSAM3X8E" selected.  returns 0x00 (0000ms, 1758ms total)
T14CC 3767:501 JLINK_ExecCommand("ProjectFile = E:\treat back up\SENSOR_CPU_VARUN\SENSOR_CPU_2\jlink.config", ...)  returns 0x00 (0001ms, 1759ms total)
T071C 3768:575 JLINK_EMU_GetList(InterfaceMask = 0x00000001, MaxInfos = 0x00000032) [0]: USB, S/N: 29425026, [1]: USB, S/N: 28014956  returns 0x02 (0000ms, 1759ms total)
T14CC 3768:644 JLINK_ExecCommand("Device = AT91SAM3X8E", ...)Device "ATSAM3X8E" selected.  returns 0x00 (0000ms, 1759ms total)
T14CC 3768:644 JLINK_TIF_Select(JLINKARM_TIF_JTAG)  returns 0x00 (0001ms, 1760ms total)
T14CC 3768:645 JLINK_GetIdData(...) >0x2F8 JTAG>TotalIRLen = 4, IRPrint = 0x01 >0x30 JTAG> >0x210 JTAG> >0x70 JTAG> >0x48 JTAG> >0x40 JTAG> >0x48 JTAG> >0x78 JTAG> >0x40 JTAG> >0x30 JTAG> >0x40 JTAG> >0x40 JTAG> >0x30 JTAG> >0x40 JTAG> >0x48 JTAG>Found Cortex-M3 r2p0, Little endian. -- CPU_ReadMem(4 bytes @ 0xE000EDF0) -- CPU_WriteMem(4 bytes @ 0xE000EDF0) -- CPU_ReadMem(4 bytes @ 0xE0002000)FPUnit: 6 code (BP) slots and 2 literal slots -- CPU_ReadMem(4 bytes @ 0xE000EDFC)
 -- CPU_WriteMem(4 bytes @ 0xE000EDFC) -- CPU_ReadMem(4 bytes @ 0xE0001000) -- CPU_WriteMem(4 bytes @ 0xE0001000) -- CPU_ReadMem(4 bytes @ 0xE000ED88) -- CPU_WriteMem(4 bytes @ 0xE000ED88) -- CPU_ReadMem(4 bytes @ 0xE000ED88) -- CPU_WriteMem(4 bytes @ 0xE000ED88)CoreSight components:ROMTbl 0 @ E00FF000 -- CPU_ReadMem(16 bytes @ 0xE00FF000) -- CPU_ReadMem(16 bytes @ 0xE000EFF0) -- CPU_ReadMem(16 bytes @ 0xE000EFE0)ROMTbl 0 [0]: FFF0F000, CID: B105E00D, PID: 002BB000 SCS
 -- CPU_ReadMem(16 bytes @ 0xE0001FF0) -- CPU_ReadMem(16 bytes @ 0xE0001FE0)ROMTbl 0 [1]: FFF02000, CID: B105E00D, PID: 002BB002 DWT -- CPU_ReadMem(16 bytes @ 0xE0002FF0) -- CPU_ReadMem(16 bytes @ 0xE0002FE0)ROMTbl 0 [2]: FFF03000, CID: B105E00D, PID: 002BB003 FPB -- CPU_ReadMem(16 bytes @ 0xE0000FF0) -- CPU_ReadMem(16 bytes @ 0xE0000FE0)ROMTbl 0 [3]: FFF01000, CID: B105E00D, PID: 002BB001 ITM -- CPU_ReadMem(16 bytes @ 0xE00FF010) -- CPU_ReadMem(16 bytes @ 0xE0040FF0)
 -- CPU_ReadMem(16 bytes @ 0xE0040FE0)ROMTbl 0 [4]: FFF41000, CID: B105900D, PID: 002BB923 TPIU-Lite ScanLen=4 NumDevices=1 aId[0]=0x4BA00477 aIrRead[0]=0 aScanLen[0]=0 aScanRead[0]=0 (0029ms, 1789ms total)
T14CC 3768:674 JLINK_ConfigJTAG(IRPre = 0, DRPre = 0) (0000ms, 1789ms total)
T14CC 3768:674 JLINK_SetSpeed(4000) (0000ms, 1789ms total)
T14CC 3768:674 JLINK_ResetPullsRESET(OFF) (0000ms, 1789ms total)
T14CC 3768:674 JLINK_Connect() >0x2F8 JTAG>TotalIRLen = 4, IRPrint = 0x01 >0x30 JTAG> >0x210 JTAG> >0x70 JTAG> >0x48 JTAG> >0x40 JTAG> >0x48 JTAG> >0x78 JTAG> >0x40 JTAG> >0x30 JTAG> >0x40 JTAG> >0x40 JTAG> >0x30 JTAG> >0x40 JTAG> >0x48 JTAG>Found Cortex-M3 r2p0, Little endian. -- CPU_ReadMem(4 bytes @ 0xE000EDF0) -- CPU_ReadMem(4 bytes @ 0xE0002000)FPUnit: 6 code (BP) slots and 2 literal slots -- CPU_ReadMem(4 bytes @ 0xE000EDFC) -- CPU_ReadMem(4 bytes @ 0xE0001000) -- CPU_WriteMem(4 bytes @ 0xE0001000)
 -- CPU_ReadMem(4 bytes @ 0xE000ED88) -- CPU_WriteMem(4 bytes @ 0xE000ED88) -- CPU_ReadMem(4 bytes @ 0xE000ED88) -- CPU_WriteMem(4 bytes @ 0xE000ED88)CoreSight components:ROMTbl 0 @ E00FF000 -- CPU_ReadMem(16 bytes @ 0xE00FF000) -- CPU_ReadMem(16 bytes @ 0xE000EFF0) -- CPU_ReadMem(16 bytes @ 0xE000EFE0)ROMTbl 0 [0]: FFF0F000, CID: B105E00D, PID: 002BB000 SCS -- CPU_ReadMem(16 bytes @ 0xE0001FF0) -- CPU_ReadMem(16 bytes @ 0xE0001FE0)ROMTbl 0 [1]: FFF02000, CID: B105E00D, PID: 002BB002 DWT
 -- CPU_ReadMem(16 bytes @ 0xE0002FF0) -- CPU_ReadMem(16 bytes @ 0xE0002FE0)ROMTbl 0 [2]: FFF03000, CID: B105E00D, PID: 002BB003 FPB -- CPU_ReadMem(16 bytes @ 0xE0000FF0) -- CPU_ReadMem(16 bytes @ 0xE0000FE0)ROMTbl 0 [3]: FFF01000, CID: B105E00D, PID: 002BB001 ITM -- CPU_ReadMem(16 bytes @ 0xE00FF010) -- CPU_ReadMem(16 bytes @ 0xE0040FF0) -- CPU_ReadMem(16 bytes @ 0xE0040FE0)ROMTbl 0 [4]: FFF41000, CID: B105900D, PID: 002BB923 TPIU-Lite  returns 0x00 (0014ms, 1803ms total)
T14CC 3768:688 JLINK_Halt()  returns 0x00 (0003ms, 1806ms total)
T14CC 3768:691 JLINK_WriteMem(0x400E0A04, 0x0004 Bytes, ...) - Data: 0B 01 00 5A -- CPU_WriteMem(4 bytes @ 0x400E0A04)  returns 0x04 (0001ms, 1807ms total)
T14CC 3768:692 JLINK_ReadMem (0x400E0A08, 0x0004 Bytes, ...) -- CPU_ReadMem(4 bytes @ 0x400E0A08) - Data: 01 00 00 00  returns 0x00 (0000ms, 1807ms total)
T14CC 3768:692 JLINK_WriteMem(0x400E0A04, 0x0004 Bytes, ...) - Data: 0C 02 00 5A -- CPU_WriteMem(4 bytes @ 0x400E0A04)  returns 0x04 (0000ms, 1807ms total)
T14CC 3768:692 JLINK_ReadMem (0x400E0A08, 0x0004 Bytes, ...) -- CPU_ReadMem(4 bytes @ 0x400E0A08) - Data: 01 00 00 00  returns 0x00 (0001ms, 1808ms total)
T14CC 3768:693 JLINK_Reset() -- CPU_ReadMem(16 bytes @ 0x20000000) -- CPU_WriteMem(16 bytes @ 0x20000000) -- CPU_ReadMem(4 bytes @ 0xE000EDFC) -- CPU_WriteMem(4 bytes @ 0xE000EDFC) -- CPU_ReadMem(4 bytes @ 0xE0001000) -- CPU_WriteMem(4 bytes @ 0xE000ED0C) -- CPU_ReadMem(4 bytes @ 0xE000EDF0) -- CPU_ReadMem(4 bytes @ 0xE000EDF0) -- CPU_WriteMem(4 bytes @ 0xE000EDFC) -- CPU_WriteMem(16 bytes @ 0x20000000) -- CPU_WriteMem(4 bytes @ 0xE0002000) -- CPU_ReadMem(4 bytes @ 0xE000EDFC)
 -- CPU_ReadMem(4 bytes @ 0xE0001000) (0023ms, 1831ms total)
T14CC 3768:717 JLINK_JTAG_GetDeviceID(DeviceIndex = 0)  returns 0x4BA00477 (0000ms, 1831ms total)
T14CC 3768:717 JLINK_ReadMemU32(0x400E0940, 0x0001 Items, ...) -- CPU_ReadMem(4 bytes @ 0x400E0940) - Data: 60 0A 5E 28  returns 0x01 (0000ms, 1831ms total)
T14CC 3768:717 JLINK_ReadMemU32(0x400E0944, 0x0001 Items, ...) -- CPU_ReadMem(4 bytes @ 0x400E0944) - Data: 00 00 00 00  returns 0x01 (0000ms, 1831ms total)
T14CC 3768:717 JLINK_WriteMem(0x400E0A04, 0x0004 Bytes, ...) - Data: 05 00 00 5A -- CPU_WriteMem(4 bytes @ 0x400E0A04)  returns 0x04 (0001ms, 1832ms total)
T14CC 3768:718 JLINK_WriteMem(0x400E0C04, 0x0004 Bytes, ...) - Data: 05 00 00 5A -- CPU_WriteMem(4 bytes @ 0x400E0C04)  returns 0x04 (0000ms, 1832ms total)
T14CC 3768:718 JLINK_ReadMem (0x400E0A08, 0x0004 Bytes, ...) -- CPU_ReadMem(4 bytes @ 0x400E0A08) - Data: 00 00 00 00  returns 0x00 (0001ms, 1833ms total)
T14CC 3768:721 JLINK_ReadMem (0x400E0A08, 0x0004 Bytes, ...) -- CPU_ReadMem(4 bytes @ 0x400E0A08) - Data: 00 00 00 00  returns 0x00 (0000ms, 1833ms total)
T14CC 3768:725 JLINK_ReadMem (0x400E0A08, 0x0004 Bytes, ...) -- CPU_ReadMem(4 bytes @ 0x400E0A08) - Data: 00 00 00 00  returns 0x00 (0000ms, 1833ms total)
T0C64 3768:726 JLINK_IsHalted()  returns TRUE (0000ms, 1833ms total)
T0C64 3768:726 JLINK_GetMOEs(...) -- CPU_ReadMem(4 bytes @ 0xE000ED30) -- CPU_WriteMem(4 bytes @ 0xE000ED30)  returns 0x01 (0000ms, 1833ms total)
T0C64 3768:726 JLINK_ReadReg(R15 (PC))  returns 0x000843A4 (0000ms, 1833ms total)
T14CC 3768:741 JLINK_ReadMem (0x400E0A08, 0x0004 Bytes, ...) -- CPU_ReadMem(4 bytes @ 0x400E0A08) - Data: 01 00 00 00  returns 0x00 (0000ms, 1833ms total)
T14CC 3768:741 JLINK_ReadMem (0x400E0C08, 0x0004 Bytes, ...) -- CPU_ReadMem(4 bytes @ 0x400E0C08) - Data: 01 00 00 00  returns 0x00 (0001ms, 1834ms total)
T0C64 3768:927 JLINK_IsHalted()  returns TRUE (0000ms, 1834ms total)
T14CC 3768:927 JLINK_ResetPullsRESET(ON) (0000ms, 1834ms total)
T14CC 3768:927 JLINK_ResetNoHalt() >0x2F8 JTAG>TotalIRLen = 4, IRPrint = 0x01 >0x30 JTAG> >0x210 JTAG> >0x70 JTAG> >0x48 JTAG> >0x40 JTAG> >0x48 JTAG> >0x78 JTAG> >0x40 JTAG> >0x30 JTAG> >0x40 JTAG> >0x40 JTAG> >0x30 JTAG> >0x40 JTAG> >0x48 JTAG>Found Cortex-M3 r2p0, Little endian. -- CPU_ReadMem(4 bytes @ 0xE000EDF0) -- CPU_ReadMem(4 bytes @ 0xE0002000)FPUnit: 6 code (BP) slots and 2 literal slots -- CPU_ReadMem(4 bytes @ 0xE000EDFC) -- CPU_ReadMem(4 bytes @ 0xE0001000)
 -- CPU_ReadMem(4 bytes @ 0xE000ED88) -- CPU_WriteMem(4 bytes @ 0xE000ED88) -- CPU_ReadMem(4 bytes @ 0xE000ED88) -- CPU_WriteMem(4 bytes @ 0xE000ED88)CoreSight components:ROMTbl 0 @ E00FF000 -- CPU_ReadMem(16 bytes @ 0xE00FF000) -- CPU_ReadMem(16 bytes @ 0xE000EFF0) -- CPU_ReadMem(16 bytes @ 0xE000EFE0)ROMTbl 0 [0]: FFF0F000, CID: B105E00D, PID: 002BB000 SCS -- CPU_WriteMem(4 bytes @ 0xE0001000) -- CPU_ReadMem(16 bytes @ 0xE0001FF0) -- CPU_ReadMem(16 bytes @ 0xE0001FE0)
ROMTbl 0 [1]: FFF02000, CID: B105E00D, PID: 002BB002 DWT -- CPU_ReadMem(16 bytes @ 0xE0002FF0) -- CPU_ReadMem(16 bytes @ 0xE0002FE0)ROMTbl 0 [2]: FFF03000, CID: B105E00D, PID: 002BB003 FPB -- CPU_ReadMem(16 bytes @ 0xE0000FF0) -- CPU_ReadMem(16 bytes @ 0xE0000FE0)ROMTbl 0 [3]: FFF01000, CID: B105E00D, PID: 002BB001 ITM -- CPU_ReadMem(16 bytes @ 0xE00FF010) -- CPU_ReadMem(16 bytes @ 0xE0040FF0) -- CPU_ReadMem(16 bytes @ 0xE0040FE0)ROMTbl 0 [4]: FFF41000, CID: B105900D, PID: 002BB923 TPIU-Lite
                JLINK_Reset() -- CPU_ReadMem(16 bytes @ 0x20000000) -- CPU_WriteMem(16 bytes @ 0x20000000) -- CPU_ReadMem(4 bytes @ 0xE000EDFC) -- CPU_WriteMem(4 bytes @ 0xE000EDFC) -- CPU_ReadMem(4 bytes @ 0xE0001000) -- CPU_WriteMem(4 bytes @ 0xE0001004) -- CPU_WriteMem(4 bytes @ 0xE000ED0C) -- CPU_ReadMem(4 bytes @ 0xE000EDF0) -- CPU_ReadMem(4 bytes @ 0xE000EDF0) -- CPU_WriteMem(4 bytes @ 0xE000EDFC) -- CPU_WriteMem(16 bytes @ 0x20000000) -- CPU_WriteMem(4 bytes @ 0xE0002000)
 -- CPU_ReadMem(4 bytes @ 0xE000EDFC) -- CPU_ReadMem(4 bytes @ 0xE0001000) (0023ms, 0023ms total)
                JLINK_Go() -- CPU_ReadMem(4 bytes @ 0xE0001000) -- CPU_WriteMem(4 bytes @ 0xE0001004) (0001ms, 0024ms total)
               (0039ms, 1873ms total)
T14CC 3768:966 JLINK_ExecCommand("ProjectFile = E:\treat back up\SENSOR_CPU_VARUN\SENSOR_CPU_2\jlink.config", ...)  returns 0x00 (0001ms, 1874ms total)
T071C 3769:882 JLINK_EMU_GetList(InterfaceMask = 0x00000001, MaxInfos = 0x00000032) [0]: USB, S/N: 29425026, [1]: USB, S/N: 28014956  returns 0x02 (0000ms, 1874ms total)
T14CC 3770:136 JLINK_ExecCommand("Device = AT91SAM3X8E", ...)Device "ATSAM3X8E" selected.  returns 0x00 (0000ms, 1874ms total)
T14CC 3770:136 JLINK_TIF_Select(JLINKARM_TIF_JTAG)  returns 0x00 (0000ms, 1874ms total)
T14CC 3770:136 JLINK_GetIdData(...) ScanLen=4 NumDevices=1 aId[0]=0x4BA00477 aIrRead[0]=0 aScanLen[0]=0 aScanRead[0]=0 (0000ms, 1874ms total)
T14CC 3770:136 JLINK_ConfigJTAG(IRPre = 0, DRPre = 0) (0000ms, 1874ms total)
T14CC 3770:136 JLINK_SetSpeed(4000) (0001ms, 1875ms total)
T14CC 3770:137 JLINK_ResetPullsRESET(OFF) (0000ms, 1875ms total)
T14CC 3770:137 JLINK_Connect() >0x2F8 JTAG>TotalIRLen = 4, IRPrint = 0x01 >0x30 JTAG> >0x210 JTAG> >0x70 JTAG> >0x48 JTAG> >0x40 JTAG> >0x48 JTAG> >0x78 JTAG> >0x40 JTAG> >0x30 JTAG> >0x40 JTAG> >0x40 JTAG> >0x30 JTAG> >0x40 JTAG> >0x48 JTAG>Found Cortex-M3 r2p0, Little endian. -- CPU_ReadMem(4 bytes @ 0xE000EDF0) -- CPU_ReadMem(4 bytes @ 0xE0002000)FPUnit: 6 code (BP) slots and 2 literal slots -- CPU_ReadMem(4 bytes @ 0xE000EDFC) -- CPU_ReadMem(4 bytes @ 0xE0001000) -- CPU_WriteMem(4 bytes @ 0xE0001000)
 -- CPU_ReadMem(4 bytes @ 0xE000ED88) -- CPU_WriteMem(4 bytes @ 0xE000ED88) -- CPU_ReadMem(4 bytes @ 0xE000ED88) -- CPU_WriteMem(4 bytes @ 0xE000ED88)CoreSight components:ROMTbl 0 @ E00FF000 -- CPU_ReadMem(16 bytes @ 0xE00FF000) -- CPU_ReadMem(16 bytes @ 0xE000EFF0) -- CPU_ReadMem(16 bytes @ 0xE000EFE0)ROMTbl 0 [0]: FFF0F000, CID: B105E00D, PID: 002BB000 SCS -- CPU_ReadMem(16 bytes @ 0xE0001FF0) -- CPU_ReadMem(16 bytes @ 0xE0001FE0)ROMTbl 0 [1]: FFF02000, CID: B105E00D, PID: 002BB002 DWT
 -- CPU_ReadMem(16 bytes @ 0xE0002FF0) -- CPU_ReadMem(16 bytes @ 0xE0002FE0)ROMTbl 0 [2]: FFF03000, CID: B105E00D, PID: 002BB003 FPB -- CPU_ReadMem(16 bytes @ 0xE0000FF0) -- CPU_ReadMem(16 bytes @ 0xE0000FE0)ROMTbl 0 [3]: FFF01000, CID: B105E00D, PID: 002BB001 ITM -- CPU_ReadMem(16 bytes @ 0xE00FF010) -- CPU_ReadMem(16 bytes @ 0xE0040FF0) -- CPU_ReadMem(16 bytes @ 0xE0040FE0)ROMTbl 0 [4]: FFF41000, CID: B105900D, PID: 002BB923 TPIU-Lite  returns 0x00 (0014ms, 1889ms total)
T14CC 3770:151 JLINK_Halt()  returns 0x00 (0003ms, 1892ms total)
T14CC 3770:154 JLINK_WriteMem(0x400E0A04, 0x0004 Bytes, ...) - Data: 0B 01 00 5A -- CPU_WriteMem(4 bytes @ 0x400E0A04)  returns 0x04 (0000ms, 1892ms total)
T14CC 3770:154 JLINK_ReadMem (0x400E0A08, 0x0004 Bytes, ...) -- CPU_ReadMem(4 bytes @ 0x400E0A08) - Data: 01 00 00 00  returns 0x00 (0001ms, 1893ms total)
T14CC 3770:155 JLINK_WriteMem(0x400E0A04, 0x0004 Bytes, ...) - Data: 0C 02 00 5A -- CPU_WriteMem(4 bytes @ 0x400E0A04)  returns 0x04 (0000ms, 1893ms total)
T14CC 3770:155 JLINK_ReadMem (0x400E0A08, 0x0004 Bytes, ...) -- CPU_ReadMem(4 bytes @ 0x400E0A08) - Data: 01 00 00 00  returns 0x00 (0001ms, 1894ms total)
T14CC 3770:156 JLINK_Reset() -- CPU_ReadMem(16 bytes @ 0x20000000) -- CPU_WriteMem(16 bytes @ 0x20000000) -- CPU_ReadMem(4 bytes @ 0xE000EDFC) -- CPU_WriteMem(4 bytes @ 0xE000EDFC) -- CPU_ReadMem(4 bytes @ 0xE0001000) -- CPU_WriteMem(4 bytes @ 0xE000ED0C) -- CPU_ReadMem(4 bytes @ 0xE000EDF0) -- CPU_ReadMem(4 bytes @ 0xE000EDF0) -- CPU_WriteMem(4 bytes @ 0xE000EDFC) -- CPU_WriteMem(16 bytes @ 0x20000000) -- CPU_WriteMem(4 bytes @ 0xE0002000) -- CPU_ReadMem(4 bytes @ 0xE000EDFC)
 -- CPU_ReadMem(4 bytes @ 0xE0001000) (0023ms, 1917ms total)
T14CC 3770:180 JLINK_JTAG_GetDeviceID(DeviceIndex = 0)  returns 0x4BA00477 (0000ms, 1917ms total)
T14CC 3770:180 JLINK_ReadMemU32(0x400E0940, 0x0001 Items, ...) -- CPU_ReadMem(4 bytes @ 0x400E0940) - Data: 60 0A 5E 28  returns 0x01 (0000ms, 1917ms total)
T14CC 3770:180 JLINK_ReadMemU32(0x400E0944, 0x0001 Items, ...) -- CPU_ReadMem(4 bytes @ 0x400E0944) - Data: 00 00 00 00  returns 0x01 (0001ms, 1918ms total)
T14CC 3770:183 JLINK_BeginDownload(Flags = 0x00) (0000ms, 1918ms total)
T14CC 3770:183 JLINK_WriteMem(0x00080000, 0x6890 Bytes, ...) - Data: 58 2B 07 20 E9 42 08 00 E1 42 08 00 E1 42 08 00 ...  returns 0x6890 (0000ms, 1918ms total)
T14CC 3770:183 JLINK_WriteMem(0x00086890, 0x09D4 Bytes, ...) - Data: 80 B4 00 AF 2A 4B 4F F4 80 62 1A 60 29 4B 4F F4 ...  returns 0x9D4 (0000ms, 1918ms total)
T0770 3770:189 JLINK_IsHalted()  returns TRUE (0000ms, 1918ms total)
T0770 3770:189 JLINK_GetMOEs(...) -- CPU_ReadMem(4 bytes @ 0xE000ED30) -- CPU_WriteMem(4 bytes @ 0xE000ED30)  returns 0x01 (0001ms, 1919ms total)
T0770 3770:190 JLINK_ReadReg(R15 (PC)) -- -------------------------------------- -- Start of determining dirty areas in flash cache -- End of determining dirty areas -- Start of preparing flash programming -- Calculating RAM usage -- RAM usage = 3892 Bytes -- Preserving CPU registers -- Preparing memory -- Determining CPU clock frequency -- CPU clock frequency: 3832 kHz -- CPU frequency = 3832 kHz -- Preparing target -- Downloading RAMCode -- Checking target RAM -- Preparing RAMCode
 -- End of preparing flash programmingCPU is running at low speed (3832 kHz). -- CPU is running at 3832 kHz. -- Start of comparing flash -- Read back was estimated as fastest method -- Comparing range 0x80000 - 0x872FF (115 Sectors, 28 KB), using multi-block CRC calculation -- CPU is running -- CPU_ReadMem(256 bytes @ 0x00080000) -- CPU is running -- CPU_ReadMem(256 bytes @ 0x00080100) -- CPU is running -- CPU_ReadMem(256 bytes @ 0x00080200) -- CPU is running -- CPU_ReadMem(256 bytes @ 0x00080300)
 -- CPU is running -- CPU_ReadMem(256 bytes @ 0x00080400) -- CPU is running -- CPU_ReadMem(256 bytes @ 0x00080500) -- CPU is running -- CPU_ReadMem(256 bytes @ 0x00080600) -- CPU is running -- CPU_ReadMem(256 bytes @ 0x00080700) -- CPU is running -- CPU_ReadMem(256 bytes @ 0x00080800) -- CPU is running -- CPU_ReadMem(256 bytes @ 0x00080900) -- CPU is running -- CPU_ReadMem(256 bytes @ 0x00080A00) -- CPU is running -- CPU_ReadMem(256 bytes @ 0x00080B00) -- CPU is running
 -- CPU_ReadMem(256 bytes @ 0x00080C00) -- CPU is running -- CPU_ReadMem(256 bytes @ 0x00080D00) -- CPU is running -- CPU_ReadMem(256 bytes @ 0x00080E00) -- CPU is running -- CPU_ReadMem(256 bytes @ 0x00080F00) -- CPU is running -- CPU_ReadMem(256 bytes @ 0x00081000) -- CPU is running -- CPU_ReadMem(256 bytes @ 0x00081100) -- CPU is running -- CPU_ReadMem(256 bytes @ 0x00081200) -- CPU is running -- CPU_ReadMem(256 bytes @ 0x00081300) -- CPU is running -- CPU_ReadMem(256 bytes @ 0x00081400)
 -- CPU is running -- CPU_ReadMem(256 bytes @ 0x00081500) -- CPU is running -- CPU_ReadMem(256 bytes @ 0x00081600) -- CPU is running -- CPU_ReadMem(256 bytes @ 0x00081700) -- CPU is running -- CPU_ReadMem(256 bytes @ 0x00081800) -- CPU is running -- CPU_ReadMem(256 bytes @ 0x00081900) -- CPU is running -- CPU_ReadMem(256 bytes @ 0x00081A00) -- CPU is running -- CPU_ReadMem(256 bytes @ 0x00081B00) -- CPU is running -- CPU_ReadMem(256 bytes @ 0x00081C00) -- CPU is running
 -- CPU_ReadMem(256 bytes @ 0x00081D00) -- CPU is running -- CPU_ReadMem(256 bytes @ 0x00081E00) -- CPU is running -- CPU_ReadMem(256 bytes @ 0x00081F00) -- CPU is running -- CPU_ReadMem(256 bytes @ 0x00082000) -- CPU is running -- CPU_ReadMem(256 bytes @ 0x00082100) -- CPU is running -- CPU_ReadMem(256 bytes @ 0x00082200) -- CPU is running -- CPU_ReadMem(256 bytes @ 0x00082300) -- CPU is running -- CPU_ReadMem(256 bytes @ 0x00082400) -- CPU is running -- CPU_ReadMem(256 bytes @ 0x00082500)
 -- CPU is running -- CPU_ReadMem(256 bytes @ 0x00082600) -- CPU is running -- CPU_ReadMem(256 bytes @ 0x00082700) -- CPU is running -- CPU_ReadMem(256 bytes @ 0x00082800) -- CPU is running -- CPU_ReadMem(256 bytes @ 0x00082900) -- CPU is running -- CPU_ReadMem(256 bytes @ 0x00082A00) -- CPU is running -- CPU_ReadMem(256 bytes @ 0x00082B00) -- CPU is running -- CPU_ReadMem(256 bytes @ 0x00082C00) -- CPU is running -- CPU_ReadMem(256 bytes @ 0x00082D00) -- CPU is running
 -- CPU_ReadMem(256 bytes @ 0x00082E00) -- CPU is running -- CPU_ReadMem(256 bytes @ 0x00082F00) -- CPU is running -- CPU_ReadMem(256 bytes @ 0x00083000) -- CPU is running -- CPU_ReadMem(256 bytes @ 0x00083100) -- CPU is running -- CPU_ReadMem(256 bytes @ 0x00083200) -- CPU is running -- CPU_ReadMem(256 bytes @ 0x00083300) -- CPU is running -- CPU_ReadMem(256 bytes @ 0x00083400) -- CPU is running -- CPU_ReadMem(256 bytes @ 0x00083500) -- CPU is running -- CPU_ReadMem(256 bytes @ 0x00083600)
 -- CPU is running -- CPU_ReadMem(256 bytes @ 0x00083700) -- CPU is running -- CPU_ReadMem(256 bytes @ 0x00083800) -- CPU is running -- CPU_ReadMem(256 bytes @ 0x00083900) -- CPU is running -- CPU_ReadMem(256 bytes @ 0x00083A00) -- CPU is running -- CPU_ReadMem(256 bytes @ 0x00083B00) -- CPU is running -- CPU_ReadMem(256 bytes @ 0x00083C00) -- CPU is running -- CPU_ReadMem(256 bytes @ 0x00083D00) -- CPU is running -- CPU_ReadMem(256 bytes @ 0x00083E00) -- CPU is running
 -- CPU_ReadMem(256 bytes @ 0x00083F00) -- CPU is running -- CPU_ReadMem(256 bytes @ 0x00084000) -- CPU is running -- CPU_ReadMem(256 bytes @ 0x00084100) -- CPU is running -- CPU_ReadMem(256 bytes @ 0x00084200) -- CPU is running -- CPU_ReadMem(256 bytes @ 0x00084300) -- CPU is running -- CPU_ReadMem(256 bytes @ 0x00084400) -- CPU is running -- CPU_ReadMem(256 bytes @ 0x00084500) -- CPU is running -- CPU_ReadMem(256 bytes @ 0x00084600) -- CPU is running -- CPU_ReadMem(256 bytes @ 0x00084700)
 -- CPU is running -- CPU_ReadMem(256 bytes @ 0x00084800) -- CPU is running -- CPU_ReadMem(256 bytes @ 0x00084900) -- CPU is running -- CPU_ReadMem(256 bytes @ 0x00084A00) -- CPU is running -- CPU_ReadMem(256 bytes @ 0x00084B00) -- CPU is running -- CPU_ReadMem(256 bytes @ 0x00084C00) -- CPU is running -- CPU_ReadMem(256 bytes @ 0x00084D00) -- CPU is running -- CPU_ReadMem(256 bytes @ 0x00084E00) -- CPU is running -- CPU_ReadMem(256 bytes @ 0x00084F00) -- CPU is running
 -- CPU_ReadMem(256 bytes @ 0x00085000) -- CPU is running -- CPU_ReadMem(256 bytes @ 0x00085100) -- CPU is running -- CPU_ReadMem(256 bytes @ 0x00085200) -- CPU is running -- CPU_ReadMem(256 bytes @ 0x00085300) -- CPU is running -- CPU_ReadMem(256 bytes @ 0x00085400) -- CPU is running -- CPU_ReadMem(256 bytes @ 0x00085500) -- CPU is running -- CPU_ReadMem(256 bytes @ 0x00085600) -- CPU is running -- CPU_ReadMem(256 bytes @ 0x00085700) -- CPU is running -- CPU_ReadMem(256 bytes @ 0x00085800)
 -- CPU is running -- CPU_ReadMem(256 bytes @ 0x00085900) -- CPU is running -- CPU_ReadMem(256 bytes @ 0x00085A00) -- CPU is running -- CPU_ReadMem(256 bytes @ 0x00085B00) -- CPU is running -- CPU_ReadMem(256 bytes @ 0x00085C00) -- CPU is running -- CPU_ReadMem(256 bytes @ 0x00085D00) -- CPU is running -- CPU_ReadMem(256 bytes @ 0x00085E00) -- CPU is running -- CPU_ReadMem(256 bytes @ 0x00085F00) -- CPU is running -- CPU_ReadMem(256 bytes @ 0x00086000) -- CPU is running
 -- CPU_ReadMem(256 bytes @ 0x00086100) -- CPU is running -- CPU_ReadMem(256 bytes @ 0x00086200) -- CPU is running -- CPU_ReadMem(256 bytes @ 0x00086300) -- CPU is running -- CPU_ReadMem(256 bytes @ 0x00086400) -- CPU is running -- CPU_ReadMem(256 bytes @ 0x00086500) -- CPU is running -- CPU_ReadMem(256 bytes @ 0x00086600) -- CPU is running -- CPU_ReadMem(256 bytes @ 0x00086700) -- CPU is running -- CPU_ReadMem(256 bytes @ 0x00086800) -- CPU is running -- CPU_ReadMem(256 bytes @ 0x00086900)
 -- CPU is running -- CPU_ReadMem(256 bytes @ 0x00086A00) -- CPU is running -- CPU_ReadMem(256 bytes @ 0x00086B00) -- CPU is running -- CPU_ReadMem(256 bytes @ 0x00086C00) -- CPU is running -- CPU_ReadMem(256 bytes @ 0x00086D00) -- CPU is running -- CPU_ReadMem(256 bytes @ 0x00086E00) -- CPU is running -- CPU_ReadMem(256 bytes @ 0x00086F00) -- CPU is running -- CPU_ReadMem(256 bytes @ 0x00087000) -- CPU is running -- CPU_ReadMem(256 bytes @ 0x00087100) -- CPU is running
 -- CPU_ReadMem(256 bytes @ 0x00087200) -- CRC does not match for sectors 0-114 -- End of comparing flash -- Start of erasing sectors -- End of erasing sectors -- Start of flash programming -- Programming range 0x00080000 - 0x00081FFF (032 Sectors, 8 KB) -- Programming range 0x00082000 - 0x00083FFF (032 Sectors, 8 KB) -- Programming range 0x00084000 - 0x00085FFF (032 Sectors, 8 KB) -- Programming range 0x00086000 - 0x000872FF (019 Sectors, 4 KB) -- End of flash programming
 -- 0x80000 - 0x872FF (115 Sectors, 28 KB) -- Start of verifying flash -- Checksum calculation was estimated as fastest method -- End of verifying flash -- Start of restoring -- Restore RAMCode -- Restore content of target memory -- Restore target -- Restore memory -- Restoring CPU registers -- End of restoring -- Flash programming performed for 1 range (29440 bytes) -- Total time needed: 0.727s (Prepare: 0.078s, Compare: 0.282s, Erase: 0.000s, Program: 0.344s, Verify: 0.017s, Restore: 0.004s)
  returns 0xFFFFFFFE (0728ms, 2647ms total)
T14CC 3770:918 JLINK_EndDownload()  returns 0x00 (0000ms, 2647ms total)
T1244 3771:021 JLINK_Halt()  returns 0x00 (0000ms, 2647ms total)
T1244 3771:021 JLINK_ReadReg(R15 (PC))  returns 0xFFFFFFFE (0000ms, 2647ms total)
T1244 3771:021 JLINK_ReadReg(R13 (SP))  returns 0xFFFFFFFC (0000ms, 2647ms total)
T1244 3771:047 JLINK_ReadReg(R0)  returns 0x400E1A00 (0000ms, 2647ms total)
T1244 3771:047 JLINK_ReadReg(R1)  returns 0x00000000 (0000ms, 2647ms total)
T1244 3771:047 JLINK_ReadReg(R2)  returns 0xA5000004 (0000ms, 2647ms total)
T1244 3771:047 JLINK_ReadReg(R3)  returns 0x00001AC4 (0000ms, 2647ms total)
T1244 3771:047 JLINK_ReadReg(R4)  returns 0x00083A35 (0000ms, 2647ms total)
T1244 3771:047 JLINK_ReadReg(R5)  returns 0x00000001 (0000ms, 2647ms total)
T1244 3771:048 JLINK_ReadReg(R6)  returns 0x20070198 (0000ms, 2647ms total)
T1244 3771:048 JLINK_ReadReg(R7)  returns 0x20072AA0 (0000ms, 2647ms total)
T1244 3771:048 JLINK_ReadReg(R8)  returns 0x0000004D (0000ms, 2647ms total)
T1244 3771:048 JLINK_ReadReg(R9)  returns 0x000868CC (0000ms, 2647ms total)
T1244 3771:048 JLINK_ReadReg(R10)  returns 0x7FFFFC00 (0000ms, 2647ms total)
T1244 3771:048 JLINK_ReadReg(R11)  returns 0x05214160 (0000ms, 2647ms total)
T1244 3771:048 JLINK_ReadReg(R12)  returns 0x73CC3303 (0000ms, 2647ms total)
T1244 3771:048 JLINK_ReadReg(R13 (SP))  returns 0xFFFFFFFC (0000ms, 2647ms total)
T1244 3771:048 JLINK_ReadReg(R14)  returns 0xFFFFFFFF (0000ms, 2647ms total)
T1244 3771:048 JLINK_ReadReg(R15 (PC))  returns 0xFFFFFFFE (0000ms, 2647ms total)
T1244 3771:048 JLINK_ReadReg(XPSR)  returns 0x01000000 (0000ms, 2647ms total)
T1244 3771:048 JLINK_ReadReg(MSP)  returns 0xFFFFFFFC (0000ms, 2647ms total)
T1244 3771:048 JLINK_ReadReg(PSP)  returns 0x4981A100 (0000ms, 2647ms total)
T1244 3771:048 JLINK_ReadReg(PRIMASK)  returns 0x00000000 (0000ms, 2647ms total)
T1244 3771:048 JLINK_ReadReg(BASEPRI)  returns 0x00000000 (0000ms, 2647ms total)
T1244 3771:048 JLINK_ReadReg(FAULTMASK)  returns 0x00000000 (0000ms, 2647ms total)
T1244 3771:048 JLINK_ReadReg(CONTROL)  returns 0x00000000 (0000ms, 2647ms total)
T1244 3771:058 JLINK_Reset() -- CPU_ReadMem(16 bytes @ 0x20000000) -- CPU_WriteMem(16 bytes @ 0x20000000) -- CPU_ReadMem(4 bytes @ 0xE000EDFC) -- CPU_WriteMem(4 bytes @ 0xE000EDFC) -- CPU_ReadMem(4 bytes @ 0xE0001000) -- CPU_WriteMem(4 bytes @ 0xE000ED0C) -- CPU_ReadMem(4 bytes @ 0xE000EDF0) -- CPU_ReadMem(4 bytes @ 0xE000EDF0) -- CPU_WriteMem(4 bytes @ 0xE000EDFC) -- CPU_WriteMem(16 bytes @ 0x20000000) -- CPU_WriteMem(4 bytes @ 0xE0002000) -- CPU_ReadMem(4 bytes @ 0xE000EDFC)
 -- CPU_ReadMem(4 bytes @ 0xE0001000) (0023ms, 2670ms total)
T0770 3771:081 JLINK_IsHalted()  returns TRUE (0000ms, 2670ms total)
T0770 3771:081 JLINK_GetMOEs(...) -- CPU_ReadMem(4 bytes @ 0xE000ED30) -- CPU_WriteMem(4 bytes @ 0xE000ED30)  returns 0x01 (0001ms, 2671ms total)
T0770 3771:082 JLINK_ReadReg(R15 (PC))  returns 0x000842E8 (0000ms, 2671ms total)
T1244 3771:091 JLINK_ReadReg(R15 (PC))  returns 0x000842E8 (0000ms, 2671ms total)
T1244 3771:091 JLINK_ReadReg(R13 (SP))  returns 0x20072B58 (0000ms, 2671ms total)
T1244 3771:111 JLINK_ReadMemHW(0x000842E8, 0x0004 Bytes, ...) -- CPU_ReadMem(4 bytes @ 0x000842E8) - Data: 80 B5 82 B0  returns 0x00 (0000ms, 2671ms total)
T1244 3771:143 JLINK_ReadMemHW(0x000845D0, 0x0001 Bytes, ...) -- CPU_ReadMem(1 bytes @ 0x000845D0) - Data: 80  returns 0x00 (0000ms, 2671ms total)
T1244 3771:175 JLINK_ReadReg(R15 (PC))  returns 0x000842E8 (0000ms, 2671ms total)
T1244 3771:175 JLINK_GetNumBPUnits(Type = 0xFFFFFF02)  returns 0x06 (0000ms, 2671ms total)
T1244 3771:175 JLINK_SetBPEx(Addr = 0x000845D0, Type = 0xFFFFFF02)  returns 0x00000001 (0000ms, 2671ms total)
T1244 3771:175 JLINK_GetBPInfo(BPHandle = 1)  returns 0x00 (0000ms, 2671ms total)
T1244 3771:175 JLINK_Go() -- CPU_ReadMem(4 bytes @ 0xE0001000) -- CPU_WriteMem(4 bytes @ 0xE0002008) -- CPU_WriteMem(4 bytes @ 0xE000200C) -- CPU_WriteMem(4 bytes @ 0xE0002010) -- CPU_WriteMem(4 bytes @ 0xE0002014) -- CPU_WriteMem(4 bytes @ 0xE0002018) -- CPU_WriteMem(4 bytes @ 0xE000201C) -- CPU_WriteMem(4 bytes @ 0xE0001004) (0003ms, 2674ms total)
T0770 3771:178 JLINK_IsHalted()  returns FALSE (0000ms, 2674ms total)
T071C 3771:191 JLINK_EMU_GetList(InterfaceMask = 0x00000001, MaxInfos = 0x00000032) [0]: USB, S/N: 29425026, [1]: USB, S/N: 28014956  returns 0x02 (0000ms, 2674ms total)
T0770 3771:198 JLINK_IsHalted()  returns TRUE (0003ms, 2677ms total)
T0770 3771:201 JLINK_GetMOEs(...) -- CPU_ReadMem(4 bytes @ 0xE000ED30) -- CPU_WriteMem(4 bytes @ 0xE000ED30)  returns 0x01 (0000ms, 2674ms total)
T0770 3771:201 JLINK_ReadReg(R15 (PC))  returns 0x000845D0 (0000ms, 2674ms total)
T0770 3771:201 JLINK_WriteU32(0xE000EDFC, 0x01000000) -- CPU_WriteMem(4 bytes @ 0xE000EDFC)  returns 0x00 (0001ms, 2675ms total)
T0770 3771:202 JLINK_ReadMem (0xE0001000, 0x0004 Bytes, ...) -- CPU_ReadMem(4 bytes @ 0xE0001000) - Data: 01 00 00 40  returns 0x00 (0000ms, 2675ms total)
T0770 3771:202 JLINK_WriteU32(0xE0001000, 0x40000001)  returns 0x00 (0000ms, 2675ms total)
T0770 3771:202 JLINK_WriteU32(0xE0001028, 0x00000100)  returns 0x00 (0000ms, 2675ms total)
T0770 3771:202 JLINK_ReadMem (0xE0001028, 0x0004 Bytes, ...) -- CPU_WriteMem(4 bytes @ 0xE0001028) -- CPU_ReadMem(4 bytes @ 0xE0001028) - Data: 00 00 00 00  returns 0x00 (0001ms, 2676ms total)
T0770 3771:203 JLINK_WriteU32(0xE0001024, 0x0000001F)  returns 0x00 (0000ms, 2676ms total)
T0770 3771:203 JLINK_ReadMem (0xE0001024, 0x0004 Bytes, ...) -- CPU_WriteMem(4 bytes @ 0xE0001024) -- CPU_ReadMem(4 bytes @ 0xE0001024) - Data: 0F 00 00 00  returns 0x00 (0001ms, 2677ms total)
T0770 3771:204 JLINK_WriteU32(0xE0001038, 0x00000100)  returns 0x00 (0000ms, 2677ms total)
T0770 3771:204 JLINK_ReadMem (0xE0001038, 0x0004 Bytes, ...) -- CPU_WriteMem(4 bytes @ 0xE0001038) -- CPU_ReadMem(4 bytes @ 0xE0001038) - Data: 00 03 00 00  returns 0x00 (0001ms, 2678ms total)
T0770 3771:205 JLINK_WriteU32(0xE0001034, 0x0000001F)  returns 0x00 (0000ms, 2678ms total)
T0770 3771:205 JLINK_ReadMem (0xE0001034, 0x0004 Bytes, ...) -- CPU_WriteMem(4 bytes @ 0xE0001034) -- CPU_ReadMem(4 bytes @ 0xE0001034) - Data: 0F 00 00 00  returns 0x00 (0000ms, 2678ms total)
T0770 3771:205 JLINK_WriteU32(0xE0001048, 0x00000100)  returns 0x00 (0000ms, 2678ms total)
T0770 3771:205 JLINK_ReadMem (0xE0001048, 0x0004 Bytes, ...) -- CPU_WriteMem(4 bytes @ 0xE0001048) -- CPU_ReadMem(4 bytes @ 0xE0001048) - Data: 00 00 00 00  returns 0x00 (0001ms, 2679ms total)
T0770 3771:206 JLINK_WriteU32(0xE0001044, 0x0000001F)  returns 0x00 (0000ms, 2679ms total)
T0770 3771:206 JLINK_ReadMem (0xE0001044, 0x0004 Bytes, ...) -- CPU_WriteMem(4 bytes @ 0xE0001044) -- CPU_ReadMem(4 bytes @ 0xE0001044) - Data: 0F 00 00 00  returns 0x00 (0001ms, 2680ms total)
T0770 3771:207 JLINK_WriteU32(0xE0001058, 0x00000100)  returns 0x00 (0000ms, 2680ms total)
T0770 3771:207 JLINK_ReadMem (0xE0001058, 0x0004 Bytes, ...) -- CPU_WriteMem(4 bytes @ 0xE0001058) -- CPU_ReadMem(4 bytes @ 0xE0001058) - Data: 00 00 00 00  returns 0x00 (0001ms, 2681ms total)
T0770 3771:208 JLINK_WriteU32(0xE0001054, 0x0000001F)  returns 0x00 (0000ms, 2681ms total)
T0770 3771:208 JLINK_ReadMem (0xE0001054, 0x0004 Bytes, ...) -- CPU_WriteMem(4 bytes @ 0xE0001054) -- CPU_ReadMem(4 bytes @ 0xE0001054) - Data: 0F 00 00 00  returns 0x00 (0001ms, 2682ms total)
T0770 3771:209 JLINK_WriteU32(0xE0001020, 0x00000000)  returns 0x00 (0000ms, 2682ms total)
T0770 3771:209 JLINK_WriteU32(0xE0001024, 0x00000000)  returns 0x00 (0000ms, 2682ms total)
T0770 3771:209 JLINK_WriteU32(0xE0001028, 0x00000000)  returns 0x00 (0000ms, 2682ms total)
T0770 3771:209 JLINK_WriteU32(0xE0001030, 0x00000000)  returns 0x00 (0000ms, 2682ms total)
T0770 3771:209 JLINK_WriteU32(0xE0001034, 0x00000000)  returns 0x00 (0000ms, 2682ms total)
T0770 3771:209 JLINK_WriteU32(0xE0001038, 0x00000000)  returns 0x00 (0000ms, 2682ms total)
T0770 3771:209 JLINK_WriteU32(0xE0001040, 0x00000000)  returns 0x00 (0000ms, 2682ms total)
T0770 3771:209 JLINK_WriteU32(0xE0001044, 0x00000000)  returns 0x00 (0000ms, 2682ms total)
T0770 3771:209 JLINK_WriteU32(0xE0001048, 0x00000000)  returns 0x00 (0000ms, 2682ms total)
T0770 3771:209 JLINK_WriteU32(0xE0001050, 0x00000000)  returns 0x00 (0000ms, 2682ms total)
T0770 3771:209 JLINK_WriteU32(0xE0001054, 0x00000000)  returns 0x00 (0000ms, 2682ms total)
T0770 3771:209 JLINK_WriteU32(0xE0001058, 0x00000000)  returns 0x00 (0000ms, 2682ms total)
T0770 3771:209 JLINK_GetBPInfo(BPHandle = 1)  returns 0x00 (0000ms, 2682ms total)
T0770 3771:209 JLINK_ClrBPEx(BPHandle = 0x00000001)  returns 0x00 (0000ms, 2682ms total)
T1244 3771:219 JLINK_ReadReg(R15 (PC))  returns 0x000845D0 (0000ms, 2682ms total)
T1244 3771:219 JLINK_ReadReg(R13 (SP))  returns 0x20072B48 (0000ms, 2682ms total)
T1244 3771:219 JLINK_ReadMemHW(0x000845D0, 0x0004 Bytes, ...) -- CPU_ReadMem(4 bytes @ 0x000845D0) - Data: 80 B5 82 B0  returns 0x00 (0000ms, 2682ms total)
T14CC 3771:311 JLINK_ReadMem (0x40000000, 0x0C4E Bytes, ...) -- CPU_ReadMem(3150 bytes @ 0x40000000) - Data: 00 00 00 00 00 00 00 00 00 00 00 00 00 00 00 00 ...  returns 0x00 (0019ms, 2701ms total)
T14CC 3771:335 JLINK_ReadMem (0x40000000, 0x0C4E Bytes, ...) -- CPU_ReadMem(3150 bytes @ 0x40000000) - Data: 00 00 00 00 00 00 00 00 00 00 00 00 00 00 00 00 ...  returns 0x00 (0019ms, 2720ms total)
T0770 3771:409 JLINK_IsHalted()  returns TRUE (0000ms, 2720ms total)
T14CC 3771:411 JLINK_ReadMem (0x40000C4E, 0x01F8 Bytes, ...) -- CPU_ReadMem(504 bytes @ 0x40000C4E) - Data: 00 00 00 00 00 00 00 00 00 00 00 00 00 00 00 00 ...  returns 0x00 (0004ms, 2724ms total)
T14CC 3771:430 JLINK_ReadMem (0x40000E46, 0x02F2 Bytes, ...) -- CPU_ReadMem(754 bytes @ 0x40000E46) - Data: 00 00 00 00 00 00 00 00 00 00 00 00 00 00 00 00 ...  returns 0x00 (0006ms, 2730ms total)
T0770 3771:610 JLINK_IsHalted()  returns TRUE (0000ms, 2730ms total)
T0770 3771:810 JLINK_IsHalted()  returns TRUE (0000ms, 2730ms total)
T0770 3772:010 JLINK_IsHalted()  returns TRUE (0000ms, 2730ms total)
T0770 3772:210 JLINK_IsHalted()  returns TRUE (0000ms, 2730ms total)
T0770 3772:410 JLINK_IsHalted()  returns TRUE (0000ms, 2730ms total)
T071C 3772:502 JLINK_EMU_GetList(InterfaceMask = 0x00000001, MaxInfos = 0x00000032) [0]: USB, S/N: 29425026, [1]: USB, S/N: 28014956  returns 0x02 (0000ms, 2730ms total)
T0770 3772:610 JLINK_IsHalted()  returns TRUE (0000ms, 2730ms total)
T0770 3772:811 JLINK_IsHalted()  returns TRUE (0000ms, 2730ms total)
T0770 3773:011 JLINK_IsHalted()  returns TRUE (0000ms, 2730ms total)
T0770 3773:212 JLINK_IsHalted()  returns TRUE (0000ms, 2730ms total)
T0770 3773:412 JLINK_IsHalted()  returns TRUE (0000ms, 2730ms total)
T1244 3773:420 JLINK_ReadReg(R15 (PC))  returns 0x000845D0 (0000ms, 2730ms total)
T1244 3773:420 JLINK_Go() -- CPU_WriteMem(4 bytes @ 0xE0001000) -- CPU_ReadMem(4 bytes @ 0xE0001000) -- CPU_WriteMem(4 bytes @ 0xE0001020) -- CPU_WriteMem(4 bytes @ 0xE0001030) -- CPU_WriteMem(4 bytes @ 0xE0001040) -- CPU_WriteMem(4 bytes @ 0xE0001050) -- CPU_WriteMem(4 bytes @ 0xE0001024) -- CPU_WriteMem(4 bytes @ 0xE0001034) -- CPU_WriteMem(4 bytes @ 0xE0001044) -- CPU_WriteMem(4 bytes @ 0xE0001054) -- CPU_WriteMem(4 bytes @ 0xE0001028) -- CPU_WriteMem(4 bytes @ 0xE0001038)
 -- CPU_WriteMem(4 bytes @ 0xE0001048) -- CPU_WriteMem(4 bytes @ 0xE0001058) -- CPU_WriteMem(4 bytes @ 0xE0002008) (0005ms, 2735ms total)
T0770 3773:425 JLINK_IsHalted()  returns FALSE (0000ms, 2735ms total)
T0770 3773:465 JLINK_IsHalted()  returns FALSE (0000ms, 2735ms total)
T0770 3773:625 JLINK_IsHalted()  returns FALSE (0000ms, 2735ms total)
T071C 3773:810 JLINK_EMU_GetList(InterfaceMask = 0x00000001, MaxInfos = 0x00000032) [0]: USB, S/N: 29425026, [1]: USB, S/N: 28014956  returns 0x02 (0000ms, 2735ms total)
T0770 3773:825 JLINK_IsHalted()  returns FALSE (0000ms, 2735ms total)
T0770 3774:025 JLINK_IsHalted()  returns FALSE (0000ms, 2735ms total)
T0770 3774:226 JLINK_IsHalted()  returns FALSE (0000ms, 2735ms total)
T0770 3774:426 JLINK_IsHalted()  returns FALSE (0000ms, 2735ms total)
T0770 3774:626 JLINK_IsHalted()  returns FALSE (0000ms, 2735ms total)
T0770 3774:826 JLINK_IsHalted()  returns FALSE (0000ms, 2735ms total)
T0770 3775:026 JLINK_IsHalted()  returns FALSE (0000ms, 2735ms total)
T071C 3775:118 JLINK_EMU_GetList(InterfaceMask = 0x00000001, MaxInfos = 0x00000032) [0]: USB, S/N: 29425026, [1]: USB, S/N: 28014956  returns 0x02 (0000ms, 2735ms total)
T0770 3775:226 JLINK_IsHalted()  returns FALSE (0000ms, 2735ms total)
T0770 3775:428 JLINK_IsHalted()  returns FALSE (0000ms, 2735ms total)
T0770 3775:628 JLINK_IsHalted()  returns FALSE (0000ms, 2735ms total)
T0770 3775:828 JLINK_IsHalted()  returns FALSE (0000ms, 2735ms total)
T0770 3776:028 JLINK_IsHalted()  returns FALSE (0000ms, 2735ms total)
T0770 3776:228 JLINK_IsHalted()  returns FALSE (0000ms, 2735ms total)
T071C 3776:426 JLINK_EMU_GetList(InterfaceMask = 0x00000001, MaxInfos = 0x00000032) [0]: USB, S/N: 29425026, [1]: USB, S/N: 28014956  returns 0x02 (0000ms, 2735ms total)
T0770 3776:428 JLINK_IsHalted()  returns FALSE (0000ms, 2735ms total)
T0770 3776:629 JLINK_IsHalted()  returns FALSE (0000ms, 2735ms total)
T0770 3776:829 JLINK_IsHalted()  returns FALSE (0000ms, 2735ms total)
T0770 3777:029 JLINK_IsHalted()  returns FALSE (0000ms, 2735ms total)
T0770 3777:229 JLINK_IsHalted()  returns FALSE (0000ms, 2735ms total)
T0770 3777:429 JLINK_IsHalted()  returns FALSE (0000ms, 2735ms total)
T0770 3777:629 JLINK_IsHalted()  returns FALSE (0000ms, 2735ms total)
T071C 3777:733 JLINK_EMU_GetList(InterfaceMask = 0x00000001, MaxInfos = 0x00000032) [0]: USB, S/N: 29425026, [1]: USB, S/N: 28014956  returns 0x02 (0001ms, 2736ms total)
T0770 3777:829 JLINK_IsHalted()  returns FALSE (0000ms, 2736ms total)
T1244 3777:989 JLINK_Halt()  returns 0x00 (0003ms, 2739ms total)
T0770 3778:031 JLINK_IsHalted()  returns TRUE (0000ms, 2739ms total)
T0770 3778:031 JLINK_GetMOEs(...) -- CPU_ReadMem(4 bytes @ 0xE000ED30) -- CPU_WriteMem(4 bytes @ 0xE000ED30)  returns 0x01 (0001ms, 2740ms total)
T0770 3778:032 JLINK_ReadReg(R15 (PC))  returns 0x00081E0C (0000ms, 2740ms total)
T0770 3778:232 JLINK_IsHalted()  returns TRUE (0000ms, 2740ms total)
T14CC 3778:233 JLINK_ResetPullsRESET(ON) (0000ms, 2740ms total)
T14CC 3778:233 JLINK_ResetNoHalt() >0x2F8 JTAG>TotalIRLen = 4, IRPrint = 0x01 >0x30 JTAG> >0x210 JTAG> >0x70 JTAG> >0x48 JTAG> >0x40 JTAG> >0x48 JTAG> >0x78 JTAG> >0x40 JTAG> >0x30 JTAG> >0x40 JTAG> >0x40 JTAG> >0x30 JTAG> >0x40 JTAG> >0x48 JTAG>Found Cortex-M3 r2p0, Little endian. -- CPU_ReadMem(4 bytes @ 0xE000EDF0) -- CPU_ReadMem(4 bytes @ 0xE0002000)FPUnit: 6 code (BP) slots and 2 literal slots -- CPU_ReadMem(4 bytes @ 0xE0001000) -- CPU_ReadMem(4 bytes @ 0xE000ED88)
 -- CPU_WriteMem(4 bytes @ 0xE000ED88) -- CPU_ReadMem(4 bytes @ 0xE000ED88) -- CPU_WriteMem(4 bytes @ 0xE000ED88)CoreSight components:ROMTbl 0 @ E00FF000 -- CPU_ReadMem(16 bytes @ 0xE00FF000) -- CPU_ReadMem(16 bytes @ 0xE000EFF0) -- CPU_ReadMem(16 bytes @ 0xE000EFE0)ROMTbl 0 [0]: FFF0F000, CID: B105E00D, PID: 002BB000 SCS -- CPU_WriteMem(4 bytes @ 0xE0001000) -- CPU_ReadMem(16 bytes @ 0xE0001FF0) -- CPU_ReadMem(16 bytes @ 0xE0001FE0)ROMTbl 0 [1]: FFF02000, CID: B105E00D, PID: 002BB002 DWT
 -- CPU_ReadMem(16 bytes @ 0xE0002FF0) -- CPU_ReadMem(16 bytes @ 0xE0002FE0)ROMTbl 0 [2]: FFF03000, CID: B105E00D, PID: 002BB003 FPB -- CPU_ReadMem(16 bytes @ 0xE0000FF0) -- CPU_ReadMem(16 bytes @ 0xE0000FE0)ROMTbl 0 [3]: FFF01000, CID: B105E00D, PID: 002BB001 ITM -- CPU_ReadMem(16 bytes @ 0xE00FF010) -- CPU_ReadMem(16 bytes @ 0xE0040FF0) -- CPU_ReadMem(16 bytes @ 0xE0040FE0)ROMTbl 0 [4]: FFF41000, CID: B105900D, PID: 002BB923 TPIU-Lite
                JLINK_Reset() -- CPU_ReadMem(16 bytes @ 0x20000000) -- CPU_WriteMem(16 bytes @ 0x20000000) -- CPU_ReadMem(4 bytes @ 0xE000EDFC) -- CPU_WriteMem(4 bytes @ 0xE000EDFC) -- CPU_ReadMem(4 bytes @ 0xE0001000)AT91SAM3 / AT91SAM4 reset: Core did not halt after reset. Halting core... -- CPU_WriteMem(4 bytes @ 0xE000ED0C) -- CPU_ReadMem(4 bytes @ 0xE000EDF0) -- CPU_ReadMem(4 bytes @ 0xE000EDF0) -- CPU_WriteMem(4 bytes @ 0xE000EDFC) -- CPU_WriteMem(16 bytes @ 0x20000000)
 -- CPU_WriteMem(4 bytes @ 0xE0002000) -- CPU_ReadMem(4 bytes @ 0xE000EDFC) -- CPU_ReadMem(4 bytes @ 0xE0001000) (0224ms, 0224ms total)
                JLINK_Go() -- CPU_ReadMem(4 bytes @ 0xE0001000) -- CPU_WriteMem(4 bytes @ 0xE0002008) -- CPU_WriteMem(4 bytes @ 0xE000200C) -- CPU_WriteMem(4 bytes @ 0xE0002010) -- CPU_WriteMem(4 bytes @ 0xE0002014) -- CPU_WriteMem(4 bytes @ 0xE0002018) -- CPU_WriteMem(4 bytes @ 0xE000201C) -- CPU_WriteMem(4 bytes @ 0xE0001004) (0003ms, 0227ms total)
               (0241ms, 2981ms total)
T14CC 3778:483 JLINK_Close() -- CPU is running -- CPU_WriteMem(4 bytes @ 0xE0002008) -- CPU is running -- CPU_WriteMem(4 bytes @ 0xE000200C) -- CPU is running -- CPU_WriteMem(4 bytes @ 0xE0002010) -- CPU is running -- CPU_WriteMem(4 bytes @ 0xE0002014) -- CPU is running -- CPU_WriteMem(4 bytes @ 0xE0002018) -- CPU is running -- CPU_WriteMem(4 bytes @ 0xE000201C) >0x78 JTAG> >0x08 JTAG> (0004ms, 2985ms total)
T14CC 3778:483  (0004ms, 2985ms total)
T14CC 3778:483 Closed (0004ms, 2985ms total)
